<?xml version="1.0" encoding="UTF-8" ?>
<testsuite failures="0" time="0.009" errors="0" skipped="0" tests="20" name="core.AllTests">
  <properties>
[...]
</properties>
  <testcase time="0.004" classname="core.ConvertSToS2DTest" name="testCheckTableSValidation[Iteration # 0 : exp: Name: adidas Brazuca FIFA 2014 World Cup Official Match Soccer Ball; act: Name: adidas Brazuca FIFA 2014 World Cup Official Match Soccer Ball]"/>
  <testcase time="0" classname="core.ConvertSToS2DTest" name="testCheckTableSValidation[Iteration # 1 : exp: US Prise: 140.49; act: US Prise: 140.49]"/>
  <testcase time="0" classname="core.ConvertSToS2DTest" name="testCheckTableSValidation[Iteration # 2 : exp: Country: France; act: Country: France]"/>
  <testcase time="0" classname="core.ConvertSToS2DTest" name="testCheckTableSValidation[Iteration # 3 : exp: Local Price: €123.7; act: Local Price: €123.7]"/>
  <testcase time="0" classname="core.ConvertSToS2DTest" name="testCheckTableSValidation[Iteration # 4 : exp: Name: Withings Pulse O2 Activity, Sleep, and Heart Rate + SPO2 Tracker for iOS and Android; act: Name: Withings Pulse O2 Activity, Sleep, and Heart Rate + SPO2 Tracker for iOS and Android]"/>
  <testcase time="0" classname="core.ConvertSToS2DTest" name="testCheckTableSValidation[Iteration # 5 : exp: US Prise: 141.08; act: US Prise: 141.08]"/>
  <testcase time="0" classname="core.ConvertSToS2DTest" name="testCheckTableSValidation[Iteration # 6 : exp: Country: China; act: Country: China]"/>
  <testcase time="0.004" classname="core.ConvertSToS2DTest" name="testCheckTableSValidation[Iteration # 7 : exp: Local Price: 元895.94; act: Local Price: 元895.94]"/>
  <testcase time="0.001" classname="core.ConvertSToS2DTest" name="testCheckTableSValidation[Iteration # 8 : exp: Name: Samsung Galaxy S DUOS GT-S7562 Unlocked GSM Phone Dual SIM, 4&quot; Touchscreen, 5MP Camera, Video, GPS, Wi-Fi, Bluetooth No Warranty - Black; act: Name: Samsung Galaxy S DUOS GT-S7562 Unlocked GSM Phone Dual SIM, 4&quot; Touchscreen, 5MP Camera, Video, GPS, Wi-Fi, Bluetooth No Warranty - Black]"/>
  <testcase time="0" classname="core.ConvertSToS2DTest" name="testCheckTableSValidation[Iteration # 9 : exp: US Prise: 112.0; act: US Prise: 112.0]"/>
  <testcase time="0" classname="core.ConvertSToS2DTest" name="testCheckTableSValidation[Iteration # 10 : exp: Country: United Kingdom; act: Country: United Kingdom]"/>
  <testcase time="0" classname="core.ConvertSToS2DTest" name="testCheckTableSValidation[Iteration # 11 : exp: Local Price: £72.53; act: Local Price: £72.53]"/>
  <testcase time="0" classname="core.ConvertSToS2DTest" name="testCheckTableSValidation[Iteration # 12 : exp: Name: GoPro HERO3+ Black Edition Adventure Camera (Discontinued by Manufacturer); act: Name: GoPro HERO3+ Black Edition Adventure Camera (Discontinued by Manufacturer)]"/>
  <testcase time="0" classname="core.ConvertSToS2DTest" name="testCheckTableSValidation[Iteration # 13 : exp: US Prise: 357.0; act: US Prise: 357.0]"/>
  <testcase time="0" classname="core.ConvertSToS2DTest" name="testCheckTableSValidation[Iteration # 14 : exp: Country: Ukraine; act: Country: Ukraine]"/>
  <testcase time="0" classname="core.ConvertSToS2DTest" name="testCheckTableSValidation[Iteration # 15 : exp: Local Price: ₴7595.17; act: Local Price: ₴7595.17]"/>
  <testcase time="0" classname="core.ConvertSToS2DTest" name="testCheckTableSValidation[Iteration # 16 : exp: Name: Apple iPhone 5s Unlocked Cellphone, 16GB, Space Gray; act: Name: Apple iPhone 5s Unlocked Cellphone, 16GB, Space Gray]"/>
  <testcase time="0" classname="core.ConvertSToS2DTest" name="testCheckTableSValidation[Iteration # 17 : exp: US Prise: 494.0; act: US Prise: 494.0]"/>
  <testcase time="0" classname="core.ConvertSToS2DTest" name="testCheckTableSValidation[Iteration # 18 : exp: Country: Russian Federation; act: Country: Russian Federation]"/>
  <testcase time="0" classname="core.ConvertSToS2DTest" name="testCheckTableSValidation[Iteration # 19 : exp: Local Price: руб30516.6; act: Local Price: руб30516.6]"/>
</testsuite>